Using pre-set license
Built from '2020.3/staging' branch; Version is '2020.3.0f1 (c7b5465681fb) revision 13088070'; Using compiler version '192528614'; Build Type 'Release'
OS: 'Windows 10 Education; OS build 19042.1586; Version 2009; 64bit' Language: 'ru' Physical Memory: 14278 MB
BatchMode: 1, IsHumanControllingUs: 0, StartBugReporterOnCrash: 0, Is64bit: 1, IsPro: 0

 COMMAND LINE ARGUMENTS:
C:\Program Files\Unity\Hub\Editor\2020.3.0f1\Editor\Unity.exe
-adb2
-batchMode
-noUpm
-name
AssetImportWorker0
-projectPath
E:/Work/Education/Programming/Board Games Online/code/Board Games Online
-logFile
Logs/AssetImportWorker0.log
-srvPort
10909
Successfully changed project path to: E:/Work/Education/Programming/Board Games Online/code/Board Games Online
E:/Work/Education/Programming/Board Games Online/code/Board Games Online
Using Asset Import Pipeline V2.
Refreshing native plugins compatible for Editor in 47.20 ms, found 1 plugins.
Preloading 0 native plugins for Editor in 0.00 ms.
Initialize engine version: 2020.3.0f1 (c7b5465681fb)
[Subsystems] Discovering subsystems at path C:/Program Files/Unity/Hub/Editor/2020.3.0f1/Editor/Data/Resources/UnitySubsystems
[Subsystems] Discovering subsystems at path E:/Work/Education/Programming/Board Games Online/code/Board Games Online/Assets
GfxDevice: creating device client; threaded=0
Direct3D:
    Version:  Direct3D 11.0 [level 11.0]
    Renderer: NVIDIA GeForce GTX 550 Ti (ID=0x1244)
    Vendor:   
    VRAM:     977 MB
    Driver:   23.21.13.8813
Initialize mono
Mono path[0] = 'C:/Program Files/Unity/Hub/Editor/2020.3.0f1/Editor/Data/Managed'
Mono path[1] = 'C:/Program Files/Unity/Hub/Editor/2020.3.0f1/Editor/Data/MonoBleedingEdge/lib/mono/unityjit'
Mono config path = 'C:/Program Files/Unity/Hub/Editor/2020.3.0f1/Editor/Data/MonoBleedingEdge/etc'
Using monoOptions --debugger-agent=transport=dt_socket,embedding=1,server=y,suspend=n,address=127.0.0.1:56244
Begin MonoManager ReloadAssembly
Registering precompiled unity dll's ...
Register platform support module: C:/Program Files/Unity/Hub/Editor/2020.3.0f1/Editor/Data/PlaybackEngines/WindowsStandaloneSupport/UnityEditor.WindowsStandalone.Extensions.dll
Registered in 0.002770 seconds.
Native extension for WindowsStandalone target not found
Refreshing native plugins compatible for Editor in 45.95 ms, found 1 plugins.
Preloading 0 native plugins for Editor in 0.00 ms.
Invoked RoslynAnalysisRunner static constructor.
RoslynAnalysisRunner will not be running.
RoslynAnalysisRunner has terminated.
Mono: successfully reloaded assembly
- Completed reload, in  1.339 seconds
Platform modules already initialized, skipping
Registering precompiled user dll's ...
Registered in 0.000849 seconds.
Begin MonoManager ReloadAssembly
Native extension for WindowsStandalone target not found
Refreshing native plugins compatible for Editor in 49.09 ms, found 1 plugins.
Preloading 0 native plugins for Editor in 0.00 ms.
Invoked RoslynAnalysisRunner static constructor.
RoslynAnalysisRunner will not be running.
RoslynAnalysisRunner has terminated.
Mono: successfully reloaded assembly
- Completed reload, in  1.196 seconds
Platform modules already initialized, skipping
========================================================================
Worker process is ready to serve import requests
Launched and connected shader compiler UnityShaderCompiler.exe after 0.05 seconds
Refreshing native plugins compatible for Editor in 0.76 ms, found 1 plugins.
Preloading 0 native plugins for Editor in 0.00 ms.
Unloading 1806 Unused Serialized files (Serialized files now loaded: 0)
System memory in use before: 84.5 MB.
System memory in use after: 84.5 MB.

Unloading 24 unused Assets to reduce memory usage. Loaded Objects now: 2248.
Total: 3.941200 ms (FindLiveObjects: 0.398000 ms CreateObjectMapping: 0.144700 ms MarkObjects: 3.156500 ms  DeleteObjects: 0.240400 ms)

========================================================================
Received Import Request.
  path: Assets/Scenes
  artifactKey: Guid(ede8a09360254f74989c719d83b5d76c) Importer(815301076,1909f56bfc062723c751e8b465ee728b)
Start importing Assets/Scenes using Guid(ede8a09360254f74989c719d83b5d76c) Importer(815301076,1909f56bfc062723c751e8b465ee728b)  -> (artifact id: '333a14ddd1b6e7a2726f1308bd38d300') in 0.028986 seconds
  Import took 0.032616 seconds .

========================================================================
Received Import Request.
  Time since last request: 88.871996 seconds.
  path: Assets/Scenes/New Scene.unity
  artifactKey: Guid(68c19d9656780354791b4b573a80293f) Importer(815301076,1909f56bfc062723c751e8b465ee728b)
Start importing Assets/Scenes/New Scene.unity using Guid(68c19d9656780354791b4b573a80293f) Importer(815301076,1909f56bfc062723c751e8b465ee728b)  -> (artifact id: '4691f98ffd2e3db77f5c95fed418e4c5') in 0.020205 seconds
  Import took 0.024433 seconds .

========================================================================
Received Import Request.
  Time since last request: 18.604289 seconds.
  path: Assets/Scenes/New Scene 1.unity
  artifactKey: Guid(e11062520a5c3824791413a73b95609e) Importer(815301076,1909f56bfc062723c751e8b465ee728b)
Start importing Assets/Scenes/New Scene 1.unity using Guid(e11062520a5c3824791413a73b95609e) Importer(815301076,1909f56bfc062723c751e8b465ee728b)  -> (artifact id: '69302640327136b1e7ddfa87f78462c7') in 0.010078 seconds
  Import took 0.015083 seconds .

========================================================================
Received Import Request.
  Time since last request: 0.302417 seconds.
  path: Assets/Scenes/SampleScene.unity
  artifactKey: Guid(2cda990e2423bbf4892e6590ba056729) Importer(815301076,1909f56bfc062723c751e8b465ee728b)
Start importing Assets/Scenes/SampleScene.unity using Guid(2cda990e2423bbf4892e6590ba056729) Importer(815301076,1909f56bfc062723c751e8b465ee728b)  -> (artifact id: 'b26ac7828b4834ebad238e5c414ba356') in 0.010899 seconds
  Import took 0.015073 seconds .

========================================================================
Received Import Request.
  Time since last request: 32.646852 seconds.
  path: Assets/Scenes/Main Menu.unity
  artifactKey: Guid(2cda990e2423bbf4892e6590ba056729) Importer(815301076,1909f56bfc062723c751e8b465ee728b)
Start importing Assets/Scenes/Main Menu.unity using Guid(2cda990e2423bbf4892e6590ba056729) Importer(815301076,1909f56bfc062723c751e8b465ee728b)  -> (artifact id: '4e619d0771771348bb740be1ec44733d') in 0.008729 seconds
  Import took 0.013394 seconds .

========================================================================
Received Import Request.
  Time since last request: 45.983134 seconds.
  path: Assets/Scenes/Game 1.unity
  artifactKey: Guid(e11062520a5c3824791413a73b95609e) Importer(815301076,1909f56bfc062723c751e8b465ee728b)
Start importing Assets/Scenes/Game 1.unity using Guid(e11062520a5c3824791413a73b95609e) Importer(815301076,1909f56bfc062723c751e8b465ee728b)  -> (artifact id: '7db030ccae3d6f8ff8eb13d9e8c5d6f5') in 0.011760 seconds
  Import took 0.024939 seconds .

========================================================================
Received Import Request.
  Time since last request: 10.957247 seconds.
  path: Assets/Scenes/Game 2.unity
  artifactKey: Guid(68c19d9656780354791b4b573a80293f) Importer(815301076,1909f56bfc062723c751e8b465ee728b)
Start importing Assets/Scenes/Game 2.unity using Guid(68c19d9656780354791b4b573a80293f) Importer(815301076,1909f56bfc062723c751e8b465ee728b)  -> (artifact id: '4c5c43b5f91e7f278b4f8229f586a8f5') in 0.010579 seconds
  Import took 0.014871 seconds .

========================================================================
Received Prepare
Registering precompiled user dll's ...
Registered in 0.001171 seconds.
Begin MonoManager ReloadAssembly
Native extension for WindowsStandalone target not found
Refreshing native plugins compatible for Editor in 0.54 ms, found 1 plugins.
Preloading 0 native plugins for Editor in 0.00 ms.
Invoked RoslynAnalysisRunner static constructor.
RoslynAnalysisRunner will not be running.
RoslynAnalysisRunner has terminated.
Mono: successfully reloaded assembly
- Completed reload, in  1.169 seconds
Platform modules already initialized, skipping
Refreshing native plugins compatible for Editor in 0.52 ms, found 1 plugins.
Preloading 0 native plugins for Editor in 0.00 ms.
Unloading 1801 Unused Serialized files (Serialized files now loaded: 0)
System memory in use before: 84.5 MB.
System memory in use after: 84.5 MB.

Unloading 12 unused Assets to reduce memory usage. Loaded Objects now: 2252.
Total: 2.473900 ms (FindLiveObjects: 0.336500 ms CreateObjectMapping: 0.089500 ms MarkObjects: 1.905500 ms  DeleteObjects: 0.140900 ms)

========================================================================
Received Prepare
Registering precompiled user dll's ...
Registered in 0.001118 seconds.
Begin MonoManager ReloadAssembly
Native extension for WindowsStandalone target not found
Refreshing native plugins compatible for Editor in 0.60 ms, found 1 plugins.
Preloading 0 native plugins for Editor in 0.00 ms.
Invoked RoslynAnalysisRunner static constructor.
RoslynAnalysisRunner will not be running.
RoslynAnalysisRunner has terminated.
Mono: successfully reloaded assembly
- Completed reload, in  1.162 seconds
Platform modules already initialized, skipping
Refreshing native plugins compatible for Editor in 0.53 ms, found 1 plugins.
Preloading 0 native plugins for Editor in 0.00 ms.
Unloading 1801 Unused Serialized files (Serialized files now loaded: 0)
System memory in use before: 84.5 MB.
System memory in use after: 84.5 MB.

Unloading 12 unused Assets to reduce memory usage. Loaded Objects now: 2256.
Total: 3.225500 ms (FindLiveObjects: 0.222500 ms CreateObjectMapping: 0.084700 ms MarkObjects: 2.732200 ms  DeleteObjects: 0.184200 ms)

========================================================================
Received Prepare
Registering precompiled user dll's ...
Registered in 0.001068 seconds.
Begin MonoManager ReloadAssembly
Native extension for WindowsStandalone target not found
Refreshing native plugins compatible for Editor in 0.53 ms, found 1 plugins.
Preloading 0 native plugins for Editor in 0.00 ms.
Invoked RoslynAnalysisRunner static constructor.
RoslynAnalysisRunner will not be running.
RoslynAnalysisRunner has terminated.
Mono: successfully reloaded assembly
- Completed reload, in  1.152 seconds
Platform modules already initialized, skipping
Refreshing native plugins compatible for Editor in 0.52 ms, found 1 plugins.
Preloading 0 native plugins for Editor in 0.00 ms.
Unloading 1801 Unused Serialized files (Serialized files now loaded: 0)
System memory in use before: 84.6 MB.
System memory in use after: 84.6 MB.

Unloading 12 unused Assets to reduce memory usage. Loaded Objects now: 2260.
Total: 2.455200 ms (FindLiveObjects: 0.224200 ms CreateObjectMapping: 0.084800 ms MarkObjects: 1.983200 ms  DeleteObjects: 0.161400 ms)

========================================================================
Received Prepare
Registering precompiled user dll's ...
Registered in 0.001292 seconds.
Begin MonoManager ReloadAssembly
Native extension for WindowsStandalone target not found
Refreshing native plugins compatible for Editor in 0.66 ms, found 1 plugins.
Preloading 0 native plugins for Editor in 0.00 ms.
Invoked RoslynAnalysisRunner static constructor.
RoslynAnalysisRunner will not be running.
RoslynAnalysisRunner has terminated.
Mono: successfully reloaded assembly
- Completed reload, in  1.230 seconds
Platform modules already initialized, skipping
Refreshing native plugins compatible for Editor in 0.81 ms, found 1 plugins.
Preloading 0 native plugins for Editor in 0.00 ms.
Unloading 1801 Unused Serialized files (Serialized files now loaded: 0)
System memory in use before: 84.6 MB.
System memory in use after: 84.6 MB.

Unloading 12 unused Assets to reduce memory usage. Loaded Objects now: 2264.
Total: 2.646100 ms (FindLiveObjects: 0.235600 ms CreateObjectMapping: 0.098200 ms MarkObjects: 2.161200 ms  DeleteObjects: 0.149000 ms)

========================================================================
Received Import Request.
  Time since last request: 1314.098893 seconds.
  path: Assets
  artifactKey: Guid(00000000000000001000000000000000) Importer(815301076,1909f56bfc062723c751e8b465ee728b)
Start importing Assets using Guid(00000000000000001000000000000000) Importer(815301076,1909f56bfc062723c751e8b465ee728b)  -> (artifact id: '42baae205c97e3337697759514652acd') in 0.032249 seconds
  Import took 0.036556 seconds .

========================================================================
Received Import Request.
  Time since last request: 34.613101 seconds.
  path: Assets/Scripts
  artifactKey: Guid(cf78f8b825fd77f4f9ea7dcf073b3468) Importer(815301076,1909f56bfc062723c751e8b465ee728b)
Start importing Assets/Scripts using Guid(cf78f8b825fd77f4f9ea7dcf073b3468) Importer(815301076,1909f56bfc062723c751e8b465ee728b)  -> (artifact id: 'bf82ff6e8cd28276445586224bb4ccb3') in 0.197719 seconds
  Import took 0.202043 seconds .

========================================================================
Received Import Request.
  Time since last request: 22.355591 seconds.
  path: Assets/Scripts/Main Menu
  artifactKey: Guid(b39af6c7ad212bd4cae03deff00c920a) Importer(815301076,1909f56bfc062723c751e8b465ee728b)
Start importing Assets/Scripts/Main Menu using Guid(b39af6c7ad212bd4cae03deff00c920a) Importer(815301076,1909f56bfc062723c751e8b465ee728b)  -> (artifact id: '2fba7ec48e16f538e4e9bd2ce552efb6') in 0.008274 seconds
  Import took 0.012097 seconds .

========================================================================
Received Import Request.
  Time since last request: 18.361884 seconds.
  path: Assets/Scripts/Game 1
  artifactKey: Guid(e487242133281ae4e95f58332a46a4e1) Importer(815301076,1909f56bfc062723c751e8b465ee728b)
Start importing Assets/Scripts/Game 1 using Guid(e487242133281ae4e95f58332a46a4e1) Importer(815301076,1909f56bfc062723c751e8b465ee728b)  -> (artifact id: 'cd3fde230f0478024b24b18918376802') in 0.010498 seconds
  Import took 0.014212 seconds .

========================================================================
Received Import Request.
  Time since last request: 13.381246 seconds.
  path: Assets/Scripts/Game 2
  artifactKey: Guid(d1d9932454a8e3b4ab3da3229a769e69) Importer(815301076,1909f56bfc062723c751e8b465ee728b)
Start importing Assets/Scripts/Game 2 using Guid(d1d9932454a8e3b4ab3da3229a769e69) Importer(815301076,1909f56bfc062723c751e8b465ee728b)  -> (artifact id: 'a4b7be078875e8a54e02405cedd58fb2') in 0.010635 seconds
  Import took 0.014265 seconds .

========================================================================
Received Import Request.
  Time since last request: 54.212436 seconds.
  path: Assets/Scripts/Main Menu/Start Game.cs
  artifactKey: Guid(9d6a4a68a33d61a44a68fc3ec26f904d) Importer(815301076,1909f56bfc062723c751e8b465ee728b)
Start importing Assets/Scripts/Main Menu/Start Game.cs using Guid(9d6a4a68a33d61a44a68fc3ec26f904d) Importer(815301076,1909f56bfc062723c751e8b465ee728b)  -> (artifact id: '784cdb1eb8a31a3c0761e5b2b4f129f4') in 0.301253 seconds
  Import took 0.305261 seconds .

========================================================================
Received Prepare
Registering precompiled user dll's ...
Registered in 0.000991 seconds.
Begin MonoManager ReloadAssembly
Native extension for WindowsStandalone target not found
Refreshing native plugins compatible for Editor in 0.63 ms, found 1 plugins.
Preloading 0 native plugins for Editor in 0.00 ms.
Invoked RoslynAnalysisRunner static constructor.
RoslynAnalysisRunner will not be running.
RoslynAnalysisRunner has terminated.
Mono: successfully reloaded assembly
- Completed reload, in  1.051 seconds
Platform modules already initialized, skipping
Refreshing native plugins compatible for Editor in 0.53 ms, found 1 plugins.
Preloading 0 native plugins for Editor in 0.00 ms.
Unloading 1802 Unused Serialized files (Serialized files now loaded: 0)
System memory in use before: 84.6 MB.
System memory in use after: 84.6 MB.

Unloading 12 unused Assets to reduce memory usage. Loaded Objects now: 2269.
Total: 2.411300 ms (FindLiveObjects: 0.252800 ms CreateObjectMapping: 0.079900 ms MarkObjects: 1.932300 ms  DeleteObjects: 0.144800 ms)

========================================================================
Received Import Request.
  Time since last request: 98.950618 seconds.
  path: Assets/Scripts/Main Menu/StartGame.cs
  artifactKey: Guid(9d6a4a68a33d61a44a68fc3ec26f904d) Importer(815301076,1909f56bfc062723c751e8b465ee728b)
Start importing Assets/Scripts/Main Menu/StartGame.cs using Guid(9d6a4a68a33d61a44a68fc3ec26f904d) Importer(815301076,1909f56bfc062723c751e8b465ee728b)  -> (artifact id: '21b04448f289e38bd51f88a744ae4359') in 0.013872 seconds
  Import took 0.018434 seconds .

========================================================================
Received Import Request.
  Time since last request: 0.002223 seconds.
  path: Assets/Scripts/Main Menu/StartGame.cs
  artifactKey: Guid(9d6a4a68a33d61a44a68fc3ec26f904d) Importer(815301076,1909f56bfc062723c751e8b465ee728b)
Start importing Assets/Scripts/Main Menu/StartGame.cs using Guid(9d6a4a68a33d61a44a68fc3ec26f904d) Importer(815301076,1909f56bfc062723c751e8b465ee728b)  -> (artifact id: '21b04448f289e38bd51f88a744ae4359') in 0.004943 seconds
  Import took 0.009709 seconds .

========================================================================
Received Prepare
Registering precompiled user dll's ...
Registered in 0.001138 seconds.
Begin MonoManager ReloadAssembly
Native extension for WindowsStandalone target not found
Refreshing native plugins compatible for Editor in 0.53 ms, found 1 plugins.
Preloading 0 native plugins for Editor in 0.00 ms.
Invoked RoslynAnalysisRunner static constructor.
RoslynAnalysisRunner will not be running.
RoslynAnalysisRunner has terminated.
Mono: successfully reloaded assembly
- Completed reload, in  1.134 seconds
Platform modules already initialized, skipping
Refreshing native plugins compatible for Editor in 0.52 ms, found 1 plugins.
Preloading 0 native plugins for Editor in 0.00 ms.
Unloading 1802 Unused Serialized files (Serialized files now loaded: 0)
System memory in use before: 84.6 MB.
System memory in use after: 84.6 MB.

Unloading 12 unused Assets to reduce memory usage. Loaded Objects now: 2273.
Total: 2.356100 ms (FindLiveObjects: 0.206000 ms CreateObjectMapping: 0.085900 ms MarkObjects: 1.919400 ms  DeleteObjects: 0.143100 ms)

========================================================================
Received Import Request.
  Time since last request: 87.992522 seconds.
  path: Assets/Scripts/Main Menu/Start Game.cs
  artifactKey: Guid(71d0464b4c7e0214e8c8600687054369) Importer(815301076,1909f56bfc062723c751e8b465ee728b)
Start importing Assets/Scripts/Main Menu/Start Game.cs using Guid(71d0464b4c7e0214e8c8600687054369) Importer(815301076,1909f56bfc062723c751e8b465ee728b)  -> (artifact id: '39da164fa915940ff0ec2983016b34bf') in 0.016900 seconds
  Import took 0.022332 seconds .

========================================================================
Received Import Request.
  Time since last request: 0.000570 seconds.
  path: Assets/Scripts/Main Menu/Start Game.cs
  artifactKey: Guid(71d0464b4c7e0214e8c8600687054369) Importer(815301076,1909f56bfc062723c751e8b465ee728b)
Start importing Assets/Scripts/Main Menu/Start Game.cs using Guid(71d0464b4c7e0214e8c8600687054369) Importer(815301076,1909f56bfc062723c751e8b465ee728b)  -> (artifact id: '39da164fa915940ff0ec2983016b34bf') in 0.005178 seconds
  Import took 0.011045 seconds .

========================================================================
Received Prepare
Registering precompiled user dll's ...
Registered in 0.000985 seconds.
Begin MonoManager ReloadAssembly
Native extension for WindowsStandalone target not found
Refreshing native plugins compatible for Editor in 0.57 ms, found 1 plugins.
Preloading 0 native plugins for Editor in 0.00 ms.
Invoked RoslynAnalysisRunner static constructor.
RoslynAnalysisRunner will not be running.
RoslynAnalysisRunner has terminated.
Mono: successfully reloaded assembly
- Completed reload, in  1.109 seconds
Platform modules already initialized, skipping
Refreshing native plugins compatible for Editor in 0.84 ms, found 1 plugins.
Preloading 0 native plugins for Editor in 0.00 ms.
Unloading 1802 Unused Serialized files (Serialized files now loaded: 0)
System memory in use before: 84.6 MB.
System memory in use after: 84.6 MB.

Unloading 12 unused Assets to reduce memory usage. Loaded Objects now: 2277.
Total: 4.189800 ms (FindLiveObjects: 0.615600 ms CreateObjectMapping: 0.112500 ms MarkObjects: 3.238800 ms  DeleteObjects: 0.220500 ms)

========================================================================
Received Import Request.
  Time since last request: 52.063333 seconds.
  path: Assets/Scripts/Main Menu/StartGame.cs
  artifactKey: Guid(9d6a4a68a33d61a44a68fc3ec26f904d) Importer(815301076,1909f56bfc062723c751e8b465ee728b)
Start importing Assets/Scripts/Main Menu/StartGame.cs using Guid(9d6a4a68a33d61a44a68fc3ec26f904d) Importer(815301076,1909f56bfc062723c751e8b465ee728b)  -> (artifact id: 'b15188de74d5da0220df3ef8206b4f4b') in 0.006687 seconds
  Import took 0.011947 seconds .

========================================================================
Received Import Request.
  Time since last request: 2.794095 seconds.
  path: Assets/Scripts/Main Menu/StartGame.cs
  artifactKey: Guid(9d6a4a68a33d61a44a68fc3ec26f904d) Importer(815301076,1909f56bfc062723c751e8b465ee728b)
Start importing Assets/Scripts/Main Menu/StartGame.cs using Guid(9d6a4a68a33d61a44a68fc3ec26f904d) Importer(815301076,1909f56bfc062723c751e8b465ee728b)  -> (artifact id: 'd7510053dcb2cacae2c0cdf35d6d05b2') in 0.005551 seconds
  Import took 0.011025 seconds .

========================================================================
Received Import Request.
  Time since last request: 29.709897 seconds.
  path: Assets/Scripts/Main Menu/StartGame.cs
  artifactKey: Guid(9d6a4a68a33d61a44a68fc3ec26f904d) Importer(815301076,1909f56bfc062723c751e8b465ee728b)
Start importing Assets/Scripts/Main Menu/StartGame.cs using Guid(9d6a4a68a33d61a44a68fc3ec26f904d) Importer(815301076,1909f56bfc062723c751e8b465ee728b)  -> (artifact id: 'a5c78da19bf07e427439c98c7d38f6d7') in 0.003981 seconds
  Import took 0.008636 seconds .

========================================================================
Received Import Request.
  Time since last request: 44.956743 seconds.
  path: Assets/Scripts/Main Menu/StartGame.cs
  artifactKey: Guid(9d6a4a68a33d61a44a68fc3ec26f904d) Importer(815301076,1909f56bfc062723c751e8b465ee728b)
Start importing Assets/Scripts/Main Menu/StartGame.cs using Guid(9d6a4a68a33d61a44a68fc3ec26f904d) Importer(815301076,1909f56bfc062723c751e8b465ee728b)  -> (artifact id: 'da48a7abb293dc7b93f917d2e6add73b') in 0.004503 seconds
  Import took 0.008880 seconds .

========================================================================
Received Prepare
Registering precompiled user dll's ...
Registered in 0.001671 seconds.
Begin MonoManager ReloadAssembly
Native extension for WindowsStandalone target not found
Refreshing native plugins compatible for Editor in 0.54 ms, found 1 plugins.
Preloading 0 native plugins for Editor in 0.00 ms.
Invoked RoslynAnalysisRunner static constructor.
RoslynAnalysisRunner will not be running.
RoslynAnalysisRunner has terminated.
Mono: successfully reloaded assembly
- Completed reload, in  1.102 seconds
Platform modules already initialized, skipping
Refreshing native plugins compatible for Editor in 0.52 ms, found 1 plugins.
Preloading 0 native plugins for Editor in 0.00 ms.
Unloading 1802 Unused Serialized files (Serialized files now loaded: 0)
System memory in use before: 84.7 MB.
System memory in use after: 84.6 MB.

Unloading 12 unused Assets to reduce memory usage. Loaded Objects now: 2281.
Total: 2.478500 ms (FindLiveObjects: 0.253300 ms CreateObjectMapping: 0.106300 ms MarkObjects: 1.975200 ms  DeleteObjects: 0.142300 ms)

========================================================================
Received Import Request.
  Time since last request: 85.725184 seconds.
  path: Assets/Scripts/Main Menu/StartGame.cs
  artifactKey: Guid(9d6a4a68a33d61a44a68fc3ec26f904d) Importer(815301076,1909f56bfc062723c751e8b465ee728b)
Start importing Assets/Scripts/Main Menu/StartGame.cs using Guid(9d6a4a68a33d61a44a68fc3ec26f904d) Importer(815301076,1909f56bfc062723c751e8b465ee728b)  -> (artifact id: '2d31d1473861f5710f5590a4a32d2fd4') in 0.008197 seconds
  Import took 0.011710 seconds .

========================================================================
Received Prepare
Registering precompiled user dll's ...
Registered in 0.001031 seconds.
Begin MonoManager ReloadAssembly
Native extension for WindowsStandalone target not found
Refreshing native plugins compatible for Editor in 0.55 ms, found 1 plugins.
Preloading 0 native plugins for Editor in 0.00 ms.
Invoked RoslynAnalysisRunner static constructor.
RoslynAnalysisRunner will not be running.
RoslynAnalysisRunner has terminated.
Mono: successfully reloaded assembly
- Completed reload, in  1.143 seconds
Platform modules already initialized, skipping
Refreshing native plugins compatible for Editor in 0.54 ms, found 1 plugins.
Preloading 0 native plugins for Editor in 0.00 ms.
Unloading 1802 Unused Serialized files (Serialized files now loaded: 0)
System memory in use before: 84.7 MB.
System memory in use after: 84.6 MB.

Unloading 12 unused Assets to reduce memory usage. Loaded Objects now: 2285.
Total: 2.520100 ms (FindLiveObjects: 0.271100 ms CreateObjectMapping: 0.094800 ms MarkObjects: 2.000600 ms  DeleteObjects: 0.151700 ms)

========================================================================
Received Prepare
Registering precompiled user dll's ...
Registered in 0.001147 seconds.
Begin MonoManager ReloadAssembly
Native extension for WindowsStandalone target not found
Refreshing native plugins compatible for Editor in 0.54 ms, found 1 plugins.
Preloading 0 native plugins for Editor in 0.00 ms.
Invoked RoslynAnalysisRunner static constructor.
RoslynAnalysisRunner will not be running.
RoslynAnalysisRunner has terminated.
Mono: successfully reloaded assembly
- Completed reload, in  1.191 seconds
Platform modules already initialized, skipping
Script error (StartGame): Start() can not take parameters.

Script error (StartGame): Start() can not take parameters.

Refreshing native plugins compatible for Editor in 0.56 ms, found 1 plugins.
Preloading 0 native plugins for Editor in 0.00 ms.
Unloading 1802 Unused Serialized files (Serialized files now loaded: 0)
System memory in use before: 84.8 MB.
System memory in use after: 84.8 MB.

Unloading 12 unused Assets to reduce memory usage. Loaded Objects now: 2289.
Total: 2.520300 ms (FindLiveObjects: 0.271900 ms CreateObjectMapping: 0.077300 ms MarkObjects: 2.009900 ms  DeleteObjects: 0.159300 ms)

========================================================================
Received Prepare
Registering precompiled user dll's ...
Registered in 0.001675 seconds.
Begin MonoManager ReloadAssembly
Native extension for WindowsStandalone target not found
Refreshing native plugins compatible for Editor in 0.57 ms, found 1 plugins.
Preloading 0 native plugins for Editor in 0.00 ms.
Invoked RoslynAnalysisRunner static constructor.
RoslynAnalysisRunner will not be running.
RoslynAnalysisRunner has terminated.
Mono: successfully reloaded assembly
- Completed reload, in  1.233 seconds
Platform modules already initialized, skipping
Refreshing native plugins compatible for Editor in 0.55 ms, found 1 plugins.
Preloading 0 native plugins for Editor in 0.00 ms.
Unloading 1802 Unused Serialized files (Serialized files now loaded: 0)
System memory in use before: 84.8 MB.
System memory in use after: 84.8 MB.

Unloading 12 unused Assets to reduce memory usage. Loaded Objects now: 2293.
Total: 2.814400 ms (FindLiveObjects: 0.367600 ms CreateObjectMapping: 0.131700 ms MarkObjects: 2.168200 ms  DeleteObjects: 0.145100 ms)

========================================================================
Received Prepare
Registering precompiled user dll's ...
Registered in 0.001102 seconds.
Begin MonoManager ReloadAssembly
Native extension for WindowsStandalone target not found
Refreshing native plugins compatible for Editor in 0.59 ms, found 1 plugins.
Preloading 0 native plugins for Editor in 0.00 ms.
Invoked RoslynAnalysisRunner static constructor.
RoslynAnalysisRunner will not be running.
RoslynAnalysisRunner has terminated.
Mono: successfully reloaded assembly
- Completed reload, in  1.118 seconds
Platform modules already initialized, skipping
Refreshing native plugins compatible for Editor in 0.53 ms, found 1 plugins.
Preloading 0 native plugins for Editor in 0.00 ms.
Unloading 1802 Unused Serialized files (Serialized files now loaded: 0)
System memory in use before: 84.8 MB.
System memory in use after: 84.8 MB.

Unloading 12 unused Assets to reduce memory usage. Loaded Objects now: 2297.
Total: 3.561500 ms (FindLiveObjects: 0.358400 ms CreateObjectMapping: 0.094300 ms MarkObjects: 2.882000 ms  DeleteObjects: 0.225000 ms)

========================================================================
Received Prepare
Registering precompiled user dll's ...
Registered in 0.001672 seconds.
Begin MonoManager ReloadAssembly
Native extension for WindowsStandalone target not found
Refreshing native plugins compatible for Editor in 0.83 ms, found 1 plugins.
Preloading 0 native plugins for Editor in 0.00 ms.
Invoked RoslynAnalysisRunner static constructor.
RoslynAnalysisRunner will not be running.
RoslynAnalysisRunner has terminated.
Mono: successfully reloaded assembly
- Completed reload, in  1.171 seconds
Platform modules already initialized, skipping
Refreshing native plugins compatible for Editor in 0.77 ms, found 1 plugins.
Preloading 0 native plugins for Editor in 0.00 ms.
Unloading 1802 Unused Serialized files (Serialized files now loaded: 0)
System memory in use before: 84.8 MB.
System memory in use after: 84.8 MB.

Unloading 12 unused Assets to reduce memory usage. Loaded Objects now: 2301.
Total: 2.386800 ms (FindLiveObjects: 0.212200 ms CreateObjectMapping: 0.078700 ms MarkObjects: 1.944900 ms  DeleteObjects: 0.149500 ms)

========================================================================
Received Prepare
Registering precompiled user dll's ...
Registered in 0.001068 seconds.
Begin MonoManager ReloadAssembly
Native extension for WindowsStandalone target not found
Refreshing native plugins compatible for Editor in 0.81 ms, found 1 plugins.
Preloading 0 native plugins for Editor in 0.00 ms.
Invoked RoslynAnalysisRunner static constructor.
RoslynAnalysisRunner will not be running.
RoslynAnalysisRunner has terminated.
Mono: successfully reloaded assembly
- Completed reload, in  1.093 seconds
Platform modules already initialized, skipping
Refreshing native plugins compatible for Editor in 0.53 ms, found 1 plugins.
Preloading 0 native plugins for Editor in 0.00 ms.
Unloading 1802 Unused Serialized files (Serialized files now loaded: 0)
System memory in use before: 84.8 MB.
System memory in use after: 84.8 MB.

Unloading 12 unused Assets to reduce memory usage. Loaded Objects now: 2305.
Total: 2.412100 ms (FindLiveObjects: 0.209300 ms CreateObjectMapping: 0.080300 ms MarkObjects: 1.972600 ms  DeleteObjects: 0.148300 ms)

========================================================================
Received Prepare
Registering precompiled user dll's ...
Registered in 0.001079 seconds.
Begin MonoManager ReloadAssembly
Native extension for WindowsStandalone target not found
Refreshing native plugins compatible for Editor in 0.52 ms, found 1 plugins.
Preloading 0 native plugins for Editor in 0.00 ms.
Invoked RoslynAnalysisRunner static constructor.
RoslynAnalysisRunner will not be running.
RoslynAnalysisRunner has terminated.
Mono: successfully reloaded assembly
- Completed reload, in  1.109 seconds
Platform modules already initialized, skipping
Refreshing native plugins compatible for Editor in 0.52 ms, found 1 plugins.
Preloading 0 native plugins for Editor in 0.00 ms.
Unloading 1802 Unused Serialized files (Serialized files now loaded: 0)
System memory in use before: 84.8 MB.
System memory in use after: 84.8 MB.

Unloading 12 unused Assets to reduce memory usage. Loaded Objects now: 2309.
Total: 2.505700 ms (FindLiveObjects: 0.225100 ms CreateObjectMapping: 0.087000 ms MarkObjects: 2.027500 ms  DeleteObjects: 0.164600 ms)

========================================================================
Received Import Request.
  Time since last request: 554.912024 seconds.
  path: Assets/Scripts/Main Menu/StartGame.cs
  artifactKey: Guid(9d6a4a68a33d61a44a68fc3ec26f904d) Importer(815301076,1909f56bfc062723c751e8b465ee728b)
Start importing Assets/Scripts/Main Menu/StartGame.cs using Guid(9d6a4a68a33d61a44a68fc3ec26f904d) Importer(815301076,1909f56bfc062723c751e8b465ee728b)  -> (artifact id: 'c3bfb24061057889791c5adc657b893c') in 0.007162 seconds
  Import took 0.033609 seconds .

========================================================================
Received Import Request.
  Time since last request: 0.000973 seconds.
  path: Assets/Scripts/Main Menu/StartGame.cs
  artifactKey: Guid(9d6a4a68a33d61a44a68fc3ec26f904d) Importer(815301076,1909f56bfc062723c751e8b465ee728b)
Start importing Assets/Scripts/Main Menu/StartGame.cs using Guid(9d6a4a68a33d61a44a68fc3ec26f904d) Importer(815301076,1909f56bfc062723c751e8b465ee728b)  -> (artifact id: 'c3bfb24061057889791c5adc657b893c') in 0.002892 seconds
  Import took 0.007189 seconds .

========================================================================
Received Import Request.
  Time since last request: 17.207312 seconds.
  path: Assets/Scripts/Main Menu/GameButton.cs
  artifactKey: Guid(9d6a4a68a33d61a44a68fc3ec26f904d) Importer(815301076,1909f56bfc062723c751e8b465ee728b)
Start importing Assets/Scripts/Main Menu/GameButton.cs using Guid(9d6a4a68a33d61a44a68fc3ec26f904d) Importer(815301076,1909f56bfc062723c751e8b465ee728b)  -> (artifact id: 'da1c85903d633f09c20afc09ae9d94b0') in 0.010724 seconds
  Import took 0.014859 seconds .

========================================================================
Received Prepare
Registering precompiled user dll's ...
Registered in 0.001079 seconds.
Begin MonoManager ReloadAssembly
Native extension for WindowsStandalone target not found
Refreshing native plugins compatible for Editor in 0.53 ms, found 1 plugins.
Preloading 0 native plugins for Editor in 0.00 ms.
Invoked RoslynAnalysisRunner static constructor.
RoslynAnalysisRunner will not be running.
RoslynAnalysisRunner has terminated.
Mono: successfully reloaded assembly
- Completed reload, in  1.212 seconds
Platform modules already initialized, skipping
Refreshing native plugins compatible for Editor in 0.52 ms, found 1 plugins.
Preloading 0 native plugins for Editor in 0.00 ms.
Unloading 1802 Unused Serialized files (Serialized files now loaded: 0)
System memory in use before: 84.8 MB.
System memory in use after: 84.8 MB.

Unloading 12 unused Assets to reduce memory usage. Loaded Objects now: 2313.
Total: 2.655700 ms (FindLiveObjects: 0.263700 ms CreateObjectMapping: 0.080000 ms MarkObjects: 2.106900 ms  DeleteObjects: 0.203100 ms)

========================================================================
Received Prepare
Registering precompiled user dll's ...
Registered in 0.001650 seconds.
Begin MonoManager ReloadAssembly
Native extension for WindowsStandalone target not found
Refreshing native plugins compatible for Editor in 0.53 ms, found 1 plugins.
Preloading 0 native plugins for Editor in 0.00 ms.
Invoked RoslynAnalysisRunner static constructor.
RoslynAnalysisRunner will not be running.
RoslynAnalysisRunner has terminated.
Mono: successfully reloaded assembly
- Completed reload, in  1.071 seconds
Platform modules already initialized, skipping
Refreshing native plugins compatible for Editor in 0.51 ms, found 1 plugins.
Preloading 0 native plugins for Editor in 0.00 ms.
Unloading 1802 Unused Serialized files (Serialized files now loaded: 0)
System memory in use before: 84.9 MB.
System memory in use after: 84.8 MB.

Unloading 12 unused Assets to reduce memory usage. Loaded Objects now: 2317.
Total: 2.480700 ms (FindLiveObjects: 0.211200 ms CreateObjectMapping: 0.074400 ms MarkObjects: 2.040800 ms  DeleteObjects: 0.153000 ms)

========================================================================
Received Import Request.
  Time since last request: 277.504134 seconds.
  path: Assets/Scripts/Main Menu/GameButton.cs
  artifactKey: Guid(9d6a4a68a33d61a44a68fc3ec26f904d) Importer(815301076,1909f56bfc062723c751e8b465ee728b)
Start importing Assets/Scripts/Main Menu/GameButton.cs using Guid(9d6a4a68a33d61a44a68fc3ec26f904d) Importer(815301076,1909f56bfc062723c751e8b465ee728b)  -> (artifact id: '466d65ce059e9d6b4047962246aa6f89') in 0.005537 seconds
  Import took 0.009081 seconds .

========================================================================
Received Prepare
Registering precompiled user dll's ...
Registered in 0.001126 seconds.
Begin MonoManager ReloadAssembly
Native extension for WindowsStandalone target not found
Refreshing native plugins compatible for Editor in 0.63 ms, found 1 plugins.
Preloading 0 native plugins for Editor in 0.00 ms.
Invoked RoslynAnalysisRunner static constructor.
RoslynAnalysisRunner will not be running.
RoslynAnalysisRunner has terminated.
Mono: successfully reloaded assembly
- Completed reload, in  1.119 seconds
Platform modules already initialized, skipping
Refreshing native plugins compatible for Editor in 0.52 ms, found 1 plugins.
Preloading 0 native plugins for Editor in 0.00 ms.
Unloading 1802 Unused Serialized files (Serialized files now loaded: 0)
System memory in use before: 84.9 MB.
System memory in use after: 84.9 MB.

Unloading 12 unused Assets to reduce memory usage. Loaded Objects now: 2321.
Total: 2.494800 ms (FindLiveObjects: 0.335700 ms CreateObjectMapping: 0.090900 ms MarkObjects: 1.925300 ms  DeleteObjects: 0.141500 ms)

========================================================================
Received Import Request.
  Time since last request: 191.401743 seconds.
  path: Assets/Scripts/Main Menu/GameButton.cs
  artifactKey: Guid(9d6a4a68a33d61a44a68fc3ec26f904d) Importer(815301076,1909f56bfc062723c751e8b465ee728b)
Start importing Assets/Scripts/Main Menu/GameButton.cs using Guid(9d6a4a68a33d61a44a68fc3ec26f904d) Importer(815301076,1909f56bfc062723c751e8b465ee728b)  -> (artifact id: '2773e46cfa213c8f6d20b2509a3d6be9') in 0.007146 seconds
  Import took 0.011355 seconds .

========================================================================
Received Import Request.
  Time since last request: 0.005901 seconds.
  path: Assets/Scripts/Main Menu/GameButton.cs
  artifactKey: Guid(9d6a4a68a33d61a44a68fc3ec26f904d) Importer(815301076,1909f56bfc062723c751e8b465ee728b)
Start importing Assets/Scripts/Main Menu/GameButton.cs using Guid(9d6a4a68a33d61a44a68fc3ec26f904d) Importer(815301076,1909f56bfc062723c751e8b465ee728b)  -> (artifact id: '2773e46cfa213c8f6d20b2509a3d6be9') in 0.003829 seconds
  Import took 0.007439 seconds .

========================================================================
Received Prepare
Registering precompiled user dll's ...
Registered in 0.001009 seconds.
Begin MonoManager ReloadAssembly
Native extension for WindowsStandalone target not found
Refreshing native plugins compatible for Editor in 0.59 ms, found 1 plugins.
Preloading 0 native plugins for Editor in 0.00 ms.
Invoked RoslynAnalysisRunner static constructor.
RoslynAnalysisRunner will not be running.
RoslynAnalysisRunner has terminated.
Mono: successfully reloaded assembly
- Completed reload, in  1.211 seconds
Platform modules already initialized, skipping
Refreshing native plugins compatible for Editor in 0.53 ms, found 1 plugins.
Preloading 0 native plugins for Editor in 0.00 ms.
Unloading 1802 Unused Serialized files (Serialized files now loaded: 0)
System memory in use before: 84.9 MB.
System memory in use after: 84.9 MB.

Unloading 12 unused Assets to reduce memory usage. Loaded Objects now: 2325.
Total: 3.379400 ms (FindLiveObjects: 0.345600 ms CreateObjectMapping: 0.091300 ms MarkObjects: 2.735000 ms  DeleteObjects: 0.205800 ms)

========================================================================
Received Prepare
Registering precompiled user dll's ...
Registered in 0.000983 seconds.
Begin MonoManager ReloadAssembly
Native extension for WindowsStandalone target not found
Refreshing native plugins compatible for Editor in 0.63 ms, found 1 plugins.
Preloading 0 native plugins for Editor in 0.00 ms.
Invoked RoslynAnalysisRunner static constructor.
RoslynAnalysisRunner will not be running.
RoslynAnalysisRunner has terminated.
Mono: successfully reloaded assembly
- Completed reload, in  1.120 seconds
Platform modules already initialized, skipping
Script error (GameButton): Start() can not take parameters.

Script error (GameButton): Start() can not take parameters.

Refreshing native plugins compatible for Editor in 0.54 ms, found 1 plugins.
Preloading 0 native plugins for Editor in 0.00 ms.
Unloading 1802 Unused Serialized files (Serialized files now loaded: 0)
System memory in use before: 84.9 MB.
System memory in use after: 84.9 MB.

Unloading 12 unused Assets to reduce memory usage. Loaded Objects now: 2329.
Total: 2.886700 ms (FindLiveObjects: 0.382200 ms CreateObjectMapping: 0.103700 ms MarkObjects: 2.250600 ms  DeleteObjects: 0.148200 ms)

========================================================================
Received Prepare
Registering precompiled user dll's ...
Registered in 0.001065 seconds.
Begin MonoManager ReloadAssembly
Native extension for WindowsStandalone target not found
Refreshing native plugins compatible for Editor in 0.54 ms, found 1 plugins.
Preloading 0 native plugins for Editor in 0.00 ms.
Invoked RoslynAnalysisRunner static constructor.
RoslynAnalysisRunner will not be running.
RoslynAnalysisRunner has terminated.
Mono: successfully reloaded assembly
- Completed reload, in  1.102 seconds
Platform modules already initialized, skipping
Refreshing native plugins compatible for Editor in 0.51 ms, found 1 plugins.
Preloading 0 native plugins for Editor in 0.00 ms.
Unloading 1802 Unused Serialized files (Serialized files now loaded: 0)
System memory in use before: 84.9 MB.
System memory in use after: 84.9 MB.

Unloading 12 unused Assets to reduce memory usage. Loaded Objects now: 2333.
Total: 2.365700 ms (FindLiveObjects: 0.204200 ms CreateObjectMapping: 0.077600 ms MarkObjects: 1.944500 ms  DeleteObjects: 0.137700 ms)

========================================================================
Received Prepare
Registering precompiled user dll's ...
Registered in 0.001647 seconds.
Begin MonoManager ReloadAssembly
Native extension for WindowsStandalone target not found
Refreshing native plugins compatible for Editor in 0.55 ms, found 1 plugins.
Preloading 0 native plugins for Editor in 0.00 ms.
Invoked RoslynAnalysisRunner static constructor.
RoslynAnalysisRunner will not be running.
RoslynAnalysisRunner has terminated.
Mono: successfully reloaded assembly
- Completed reload, in  1.060 seconds
Platform modules already initialized, skipping
Refreshing native plugins compatible for Editor in 0.53 ms, found 1 plugins.
Preloading 0 native plugins for Editor in 0.00 ms.
Unloading 1802 Unused Serialized files (Serialized files now loaded: 0)
System memory in use before: 84.9 MB.
System memory in use after: 84.9 MB.

Unloading 12 unused Assets to reduce memory usage. Loaded Objects now: 2337.
Total: 2.671000 ms (FindLiveObjects: 0.406000 ms CreateObjectMapping: 0.092300 ms MarkObjects: 2.013700 ms  DeleteObjects: 0.157300 ms)

========================================================================
Received Import Request.
  Time since last request: 730.679083 seconds.
  path: Assets/Scenes/Main Menu.unity
  artifactKey: Guid(2cda990e2423bbf4892e6590ba056729) Importer(815301076,1909f56bfc062723c751e8b465ee728b)
Start importing Assets/Scenes/Main Menu.unity using Guid(2cda990e2423bbf4892e6590ba056729) Importer(815301076,1909f56bfc062723c751e8b465ee728b)  -> (artifact id: '8aab40defedc3487839833530447caf1') in 0.021522 seconds
  Import took 0.043395 seconds .

========================================================================
Received Prepare
Registering precompiled user dll's ...
Registered in 0.001000 seconds.
Begin MonoManager ReloadAssembly
Native extension for WindowsStandalone target not found
Refreshing native plugins compatible for Editor in 0.84 ms, found 1 plugins.
Preloading 0 native plugins for Editor in 0.00 ms.
Invoked RoslynAnalysisRunner static constructor.
RoslynAnalysisRunner will not be running.
RoslynAnalysisRunner has terminated.
Mono: successfully reloaded assembly
- Completed reload, in  1.081 seconds
Platform modules already initialized, skipping
Refreshing native plugins compatible for Editor in 0.52 ms, found 1 plugins.
Preloading 0 native plugins for Editor in 0.00 ms.
Unloading 1802 Unused Serialized files (Serialized files now loaded: 0)
System memory in use before: 84.9 MB.
System memory in use after: 84.9 MB.

Unloading 12 unused Assets to reduce memory usage. Loaded Objects now: 2341.
Total: 2.650200 ms (FindLiveObjects: 0.359400 ms CreateObjectMapping: 0.087600 ms MarkObjects: 2.053700 ms  DeleteObjects: 0.147900 ms)

========================================================================
Received Prepare
Registering precompiled user dll's ...
Registered in 0.001155 seconds.
Begin MonoManager ReloadAssembly
Native extension for WindowsStandalone target not found
Refreshing native plugins compatible for Editor in 0.52 ms, found 1 plugins.
Preloading 0 native plugins for Editor in 0.00 ms.
Invoked RoslynAnalysisRunner static constructor.
RoslynAnalysisRunner will not be running.
RoslynAnalysisRunner has terminated.
Mono: successfully reloaded assembly
- Completed reload, in  1.158 seconds
Platform modules already initialized, skipping
Refreshing native plugins compatible for Editor in 0.50 ms, found 1 plugins.
Preloading 0 native plugins for Editor in 0.00 ms.
Unloading 1802 Unused Serialized files (Serialized files now loaded: 0)
System memory in use before: 84.9 MB.
System memory in use after: 84.9 MB.

Unloading 12 unused Assets to reduce memory usage. Loaded Objects now: 2345.
Total: 3.602000 ms (FindLiveObjects: 0.353400 ms CreateObjectMapping: 0.096500 ms MarkObjects: 2.939700 ms  DeleteObjects: 0.210300 ms)

========================================================================
Received Import Request.
  Time since last request: 454.775301 seconds.
  path: Assets/Scripts/Main Menu/GameButton.cs
  artifactKey: Guid(9d6a4a68a33d61a44a68fc3ec26f904d) Importer(815301076,1909f56bfc062723c751e8b465ee728b)
Start importing Assets/Scripts/Main Menu/GameButton.cs using Guid(9d6a4a68a33d61a44a68fc3ec26f904d) Importer(815301076,1909f56bfc062723c751e8b465ee728b)  -> (artifact id: 'f048561acb76def87de227f53dda0396') in 0.006335 seconds
  Import took 0.022669 seconds .

========================================================================
Received Import Request.
  Time since last request: 0.001945 seconds.
  path: Assets/Scripts/Main Menu/GameButton.cs
  artifactKey: Guid(9d6a4a68a33d61a44a68fc3ec26f904d) Importer(815301076,1909f56bfc062723c751e8b465ee728b)
Start importing Assets/Scripts/Main Menu/GameButton.cs using Guid(9d6a4a68a33d61a44a68fc3ec26f904d) Importer(815301076,1909f56bfc062723c751e8b465ee728b)  -> (artifact id: 'f048561acb76def87de227f53dda0396') in 0.002263 seconds
  Import took 0.005433 seconds .

========================================================================
Received Prepare
Registering precompiled user dll's ...
Registered in 0.001002 seconds.
Begin MonoManager ReloadAssembly
Native extension for WindowsStandalone target not found
Refreshing native plugins compatible for Editor in 0.54 ms, found 1 plugins.
Preloading 0 native plugins for Editor in 0.00 ms.
Invoked RoslynAnalysisRunner static constructor.
RoslynAnalysisRunner will not be running.
RoslynAnalysisRunner has terminated.
Mono: successfully reloaded assembly
- Completed reload, in  1.177 seconds
Platform modules already initialized, skipping
Refreshing native plugins compatible for Editor in 0.83 ms, found 1 plugins.
Preloading 0 native plugins for Editor in 0.00 ms.
Unloading 1802 Unused Serialized files (Serialized files now loaded: 0)
System memory in use before: 84.9 MB.
System memory in use after: 84.9 MB.

Unloading 12 unused Assets to reduce memory usage. Loaded Objects now: 2349.
Total: 2.407200 ms (FindLiveObjects: 0.216500 ms CreateObjectMapping: 0.076100 ms MarkObjects: 1.968400 ms  DeleteObjects: 0.145000 ms)

========================================================================
Received Import Request.
  Time since last request: 23.667896 seconds.
  path: Assets/Scripts/ГШ
  artifactKey: Guid(b39af6c7ad212bd4cae03deff00c920a) Importer(815301076,1909f56bfc062723c751e8b465ee728b)
Start importing Assets/Scripts/ГШ using Guid(b39af6c7ad212bd4cae03deff00c920a) Importer(815301076,1909f56bfc062723c751e8b465ee728b)  -> (artifact id: '6d830d72dc2ecb2e5e8f9fe952a6819f') in 0.013922 seconds
  Import took 0.030515 seconds .

========================================================================
Received Prepare
Registering precompiled user dll's ...
Registered in 0.000977 seconds.
Begin MonoManager ReloadAssembly
Native extension for WindowsStandalone target not found
Refreshing native plugins compatible for Editor in 0.52 ms, found 1 plugins.
Preloading 0 native plugins for Editor in 0.00 ms.
Invoked RoslynAnalysisRunner static constructor.
RoslynAnalysisRunner will not be running.
RoslynAnalysisRunner has terminated.
Mono: successfully reloaded assembly
- Completed reload, in  1.082 seconds
Platform modules already initialized, skipping
Refreshing native plugins compatible for Editor in 0.77 ms, found 1 plugins.
Preloading 0 native plugins for Editor in 0.00 ms.
Unloading 1802 Unused Serialized files (Serialized files now loaded: 0)
System memory in use before: 84.9 MB.
System memory in use after: 84.9 MB.

Unloading 12 unused Assets to reduce memory usage. Loaded Objects now: 2353.
Total: 2.481900 ms (FindLiveObjects: 0.218700 ms CreateObjectMapping: 0.073000 ms MarkObjects: 2.044100 ms  DeleteObjects: 0.144700 ms)

========================================================================
Received Import Request.
  Time since last request: 7.521721 seconds.
  path: Assets/Scripts/UI
  artifactKey: Guid(b39af6c7ad212bd4cae03deff00c920a) Importer(815301076,1909f56bfc062723c751e8b465ee728b)
Start importing Assets/Scripts/UI using Guid(b39af6c7ad212bd4cae03deff00c920a) Importer(815301076,1909f56bfc062723c751e8b465ee728b)  -> (artifact id: '47ddd5e4cdef64d5d2f789a1be230cd6') in 0.011406 seconds
  Import took 0.016502 seconds .

========================================================================
Received Prepare
Registering precompiled user dll's ...
Registered in 0.001046 seconds.
Begin MonoManager ReloadAssembly
Native extension for WindowsStandalone target not found
Refreshing native plugins compatible for Editor in 0.85 ms, found 1 plugins.
Preloading 0 native plugins for Editor in 0.00 ms.
Invoked RoslynAnalysisRunner static constructor.
RoslynAnalysisRunner will not be running.
RoslynAnalysisRunner has terminated.
Mono: successfully reloaded assembly
- Completed reload, in  1.081 seconds
Platform modules already initialized, skipping
Refreshing native plugins compatible for Editor in 0.78 ms, found 1 plugins.
Preloading 0 native plugins for Editor in 0.00 ms.
Unloading 1802 Unused Serialized files (Serialized files now loaded: 0)
System memory in use before: 84.9 MB.
System memory in use after: 84.9 MB.

Unloading 12 unused Assets to reduce memory usage. Loaded Objects now: 2357.
Total: 2.599600 ms (FindLiveObjects: 0.337000 ms CreateObjectMapping: 0.097100 ms MarkObjects: 2.022200 ms  DeleteObjects: 0.141400 ms)

========================================================================
Received Import Request.
  Time since last request: 270.051914 seconds.
  path: Assets/Scenes/Main Menu.unity
  artifactKey: Guid(2cda990e2423bbf4892e6590ba056729) Importer(815301076,1909f56bfc062723c751e8b465ee728b)
Start importing Assets/Scenes/Main Menu.unity using Guid(2cda990e2423bbf4892e6590ba056729) Importer(815301076,1909f56bfc062723c751e8b465ee728b)  -> (artifact id: '4115a30284d2c1c121ddfe27b5efd037') in 0.020144 seconds
  Import took 0.024775 seconds .

========================================================================
Received Import Request.
  Time since last request: 335.478758 seconds.
  path: Assets/Scripts/UI/NavigationButton.cs
  artifactKey: Guid(9d6a4a68a33d61a44a68fc3ec26f904d) Importer(815301076,1909f56bfc062723c751e8b465ee728b)
Start importing Assets/Scripts/UI/NavigationButton.cs using Guid(9d6a4a68a33d61a44a68fc3ec26f904d) Importer(815301076,1909f56bfc062723c751e8b465ee728b)  -> (artifact id: 'b3b686382f1f00894cef4cb26ea251fa') in 0.009828 seconds
  Import took 0.022234 seconds .

========================================================================
Received Prepare
Registering precompiled user dll's ...
Registered in 0.001059 seconds.
Begin MonoManager ReloadAssembly
Native extension for WindowsStandalone target not found
Refreshing native plugins compatible for Editor in 0.95 ms, found 1 plugins.
Preloading 0 native plugins for Editor in 0.00 ms.
Invoked RoslynAnalysisRunner static constructor.
RoslynAnalysisRunner will not be running.
RoslynAnalysisRunner has terminated.
Mono: successfully reloaded assembly
- Completed reload, in  1.877 seconds
Platform modules already initialized, skipping
Refreshing native plugins compatible for Editor in 0.97 ms, found 1 plugins.
Preloading 0 native plugins for Editor in 0.00 ms.
Unloading 1802 Unused Serialized files (Serialized files now loaded: 0)
System memory in use before: 85.0 MB.
System memory in use after: 85.0 MB.

Unloading 12 unused Assets to reduce memory usage. Loaded Objects now: 2361.
Total: 2.951200 ms (FindLiveObjects: 0.367000 ms CreateObjectMapping: 0.099100 ms MarkObjects: 2.293700 ms  DeleteObjects: 0.188600 ms)

========================================================================
Received Prepare
Registering precompiled user dll's ...
Registered in 0.001679 seconds.
Begin MonoManager ReloadAssembly
Native extension for WindowsStandalone target not found
Refreshing native plugins compatible for Editor in 0.52 ms, found 1 plugins.
Preloading 0 native plugins for Editor in 0.00 ms.
Invoked RoslynAnalysisRunner static constructor.
RoslynAnalysisRunner will not be running.
RoslynAnalysisRunner has terminated.
Mono: successfully reloaded assembly
- Completed reload, in  1.111 seconds
Platform modules already initialized, skipping
Refreshing native plugins compatible for Editor in 0.56 ms, found 1 plugins.
Preloading 0 native plugins for Editor in 0.00 ms.
Unloading 1802 Unused Serialized files (Serialized files now loaded: 0)
System memory in use before: 85.0 MB.
System memory in use after: 85.0 MB.

Unloading 12 unused Assets to reduce memory usage. Loaded Objects now: 2365.
Total: 2.684800 ms (FindLiveObjects: 0.415900 ms CreateObjectMapping: 0.083100 ms MarkObjects: 2.041800 ms  DeleteObjects: 0.142600 ms)

========================================================================
Received Import Request.
  Time since last request: 210.573627 seconds.
  path: Assets/Scripts/UI/QuitButton.cs
  artifactKey: Guid(17e790ca9f64fa741a56a5d83fd575d0) Importer(815301076,1909f56bfc062723c751e8b465ee728b)
Start importing Assets/Scripts/UI/QuitButton.cs using Guid(17e790ca9f64fa741a56a5d83fd575d0) Importer(815301076,1909f56bfc062723c751e8b465ee728b)  -> (artifact id: '706db60a385f7a0e078f5d1db8390a0e') in 0.014085 seconds
  Import took 0.019503 seconds .

========================================================================
Received Prepare
Registering precompiled user dll's ...
Registered in 0.001117 seconds.
Begin MonoManager ReloadAssembly
Native extension for WindowsStandalone target not found
Refreshing native plugins compatible for Editor in 0.87 ms, found 1 plugins.
Preloading 0 native plugins for Editor in 0.00 ms.
Invoked RoslynAnalysisRunner static constructor.
RoslynAnalysisRunner will not be running.
RoslynAnalysisRunner has terminated.
Mono: successfully reloaded assembly
- Completed reload, in  1.135 seconds
Platform modules already initialized, skipping
Refreshing native plugins compatible for Editor in 0.52 ms, found 1 plugins.
Preloading 0 native plugins for Editor in 0.00 ms.
Unloading 1803 Unused Serialized files (Serialized files now loaded: 0)
System memory in use before: 85.0 MB.
System memory in use after: 85.0 MB.

Unloading 12 unused Assets to reduce memory usage. Loaded Objects now: 2370.
Total: 2.847800 ms (FindLiveObjects: 0.250900 ms CreateObjectMapping: 0.077700 ms MarkObjects: 2.364600 ms  DeleteObjects: 0.152900 ms)

========================================================================
Received Import Request.
  Time since last request: 64.654047 seconds.
  path: Assets/Scripts/UI/QuitButton.cs
  artifactKey: Guid(17e790ca9f64fa741a56a5d83fd575d0) Importer(815301076,1909f56bfc062723c751e8b465ee728b)
Start importing Assets/Scripts/UI/QuitButton.cs using Guid(17e790ca9f64fa741a56a5d83fd575d0) Importer(815301076,1909f56bfc062723c751e8b465ee728b)  -> (artifact id: '657b76fbb5d49c172c159b5fd4bad5f8') in 0.006219 seconds
  Import took 0.010728 seconds .

========================================================================
Received Import Request.
  Time since last request: 34.218662 seconds.
  path: Assets/Scripts/UI/NavigationButton.cs
  artifactKey: Guid(9d6a4a68a33d61a44a68fc3ec26f904d) Importer(815301076,1909f56bfc062723c751e8b465ee728b)
Start importing Assets/Scripts/UI/NavigationButton.cs using Guid(9d6a4a68a33d61a44a68fc3ec26f904d) Importer(815301076,1909f56bfc062723c751e8b465ee728b)  -> (artifact id: '22152ebde845e58e58b6d53b64144c41') in 0.007529 seconds
  Import took 0.015874 seconds .

========================================================================
Received Import Request.
  Time since last request: 5.505925 seconds.
  path: Assets/Scripts/UI/NavButton.cs
  artifactKey: Guid(9d6a4a68a33d61a44a68fc3ec26f904d) Importer(815301076,1909f56bfc062723c751e8b465ee728b)
Start importing Assets/Scripts/UI/NavButton.cs using Guid(9d6a4a68a33d61a44a68fc3ec26f904d) Importer(815301076,1909f56bfc062723c751e8b465ee728b)  -> (artifact id: '1a43216bf5565a83abc6b2cb6c70e490') in 0.008357 seconds
  Import took 0.021740 seconds .

========================================================================
Received Import Request.
  Time since last request: 0.000322 seconds.
  path: Assets/Scripts/UI/NavButton.cs
  artifactKey: Guid(9d6a4a68a33d61a44a68fc3ec26f904d) Importer(815301076,1909f56bfc062723c751e8b465ee728b)
Start importing Assets/Scripts/UI/NavButton.cs using Guid(9d6a4a68a33d61a44a68fc3ec26f904d) Importer(815301076,1909f56bfc062723c751e8b465ee728b)  -> (artifact id: '1a43216bf5565a83abc6b2cb6c70e490') in 0.004372 seconds
  Import took 0.008354 seconds .

========================================================================
Received Import Request.
  Time since last request: 18.579568 seconds.
  path: Assets/Scripts/UI/NavigationButton.cs
  artifactKey: Guid(f02e912e199007b4c899293d4006a930) Importer(815301076,1909f56bfc062723c751e8b465ee728b)
Start importing Assets/Scripts/UI/NavigationButton.cs using Guid(f02e912e199007b4c899293d4006a930) Importer(815301076,1909f56bfc062723c751e8b465ee728b)  -> (artifact id: 'caf9baab8d7361c5f995dc9902aaa864') in 0.004719 seconds
  Import took 0.009719 seconds .

========================================================================
Received Prepare
Registering precompiled user dll's ...
Registered in 0.001343 seconds.
Begin MonoManager ReloadAssembly
Native extension for WindowsStandalone target not found
Refreshing native plugins compatible for Editor in 0.57 ms, found 1 plugins.
Preloading 0 native plugins for Editor in 0.00 ms.
Invoked RoslynAnalysisRunner static constructor.
RoslynAnalysisRunner will not be running.
RoslynAnalysisRunner has terminated.
Mono: successfully reloaded assembly
- Completed reload, in  1.062 seconds
Platform modules already initialized, skipping
Refreshing native plugins compatible for Editor in 0.52 ms, found 1 plugins.
Preloading 0 native plugins for Editor in 0.00 ms.
Unloading 1803 Unused Serialized files (Serialized files now loaded: 0)
System memory in use before: 85.0 MB.
System memory in use after: 85.0 MB.

Unloading 12 unused Assets to reduce memory usage. Loaded Objects now: 2374.
Total: 2.449700 ms (FindLiveObjects: 0.217300 ms CreateObjectMapping: 0.077400 ms MarkObjects: 2.009500 ms  DeleteObjects: 0.143700 ms)

========================================================================
Received Prepare
Registering precompiled user dll's ...
Registered in 0.001623 seconds.
Begin MonoManager ReloadAssembly
Native extension for WindowsStandalone target not found
Refreshing native plugins compatible for Editor in 0.82 ms, found 1 plugins.
Preloading 0 native plugins for Editor in 0.00 ms.
Invoked RoslynAnalysisRunner static constructor.
RoslynAnalysisRunner will not be running.
RoslynAnalysisRunner has terminated.
Mono: successfully reloaded assembly
- Completed reload, in  1.126 seconds
Platform modules already initialized, skipping
Refreshing native plugins compatible for Editor in 0.51 ms, found 1 plugins.
Preloading 0 native plugins for Editor in 0.00 ms.
Unloading 1803 Unused Serialized files (Serialized files now loaded: 0)
System memory in use before: 85.0 MB.
System memory in use after: 85.0 MB.

Unloading 12 unused Assets to reduce memory usage. Loaded Objects now: 2378.
Total: 2.491200 ms (FindLiveObjects: 0.245500 ms CreateObjectMapping: 0.074600 ms MarkObjects: 2.026900 ms  DeleteObjects: 0.143000 ms)

========================================================================
Received Prepare
Registering precompiled user dll's ...
Registered in 0.000941 seconds.
Begin MonoManager ReloadAssembly
Native extension for WindowsStandalone target not found
Refreshing native plugins compatible for Editor in 0.77 ms, found 1 plugins.
Preloading 0 native plugins for Editor in 0.00 ms.
Invoked RoslynAnalysisRunner static constructor.
RoslynAnalysisRunner will not be running.
RoslynAnalysisRunner has terminated.
Mono: successfully reloaded assembly
- Completed reload, in  1.095 seconds
Platform modules already initialized, skipping
Refreshing native plugins compatible for Editor in 0.58 ms, found 1 plugins.
Preloading 0 native plugins for Editor in 0.00 ms.
Unloading 1803 Unused Serialized files (Serialized files now loaded: 0)
System memory in use before: 85.0 MB.
System memory in use after: 85.0 MB.

Unloading 12 unused Assets to reduce memory usage. Loaded Objects now: 2382.
Total: 2.529300 ms (FindLiveObjects: 0.205700 ms CreateObjectMapping: 0.074000 ms MarkObjects: 2.105600 ms  DeleteObjects: 0.142700 ms)

========================================================================
Received Import Request.
  Time since last request: 211.461095 seconds.
  path: Assets/Scenes/Game 1.unity
  artifactKey: Guid(e11062520a5c3824791413a73b95609e) Importer(815301076,1909f56bfc062723c751e8b465ee728b)
Start importing Assets/Scenes/Game 1.unity using Guid(e11062520a5c3824791413a73b95609e) Importer(815301076,1909f56bfc062723c751e8b465ee728b)  -> (artifact id: '89d3a44eca2cf3370cd3209c95842eb1') in 0.024266 seconds
  Import took 0.029165 seconds .

========================================================================
Received Import Request.
  Time since last request: 38.722098 seconds.
  path: Assets/Scenes/Main Menu.unity
  artifactKey: Guid(2cda990e2423bbf4892e6590ba056729) Importer(815301076,1909f56bfc062723c751e8b465ee728b)
Start importing Assets/Scenes/Main Menu.unity using Guid(2cda990e2423bbf4892e6590ba056729) Importer(815301076,1909f56bfc062723c751e8b465ee728b)  -> (artifact id: '125245d28e34d1c19de4a569620558e2') in 0.005282 seconds
  Import took 0.010131 seconds .

========================================================================
Received Import Request.
  Time since last request: 22.347738 seconds.
  path: Assets/Scenes/Game 2.unity
  artifactKey: Guid(68c19d9656780354791b4b573a80293f) Importer(815301076,1909f56bfc062723c751e8b465ee728b)
Start importing Assets/Scenes/Game 2.unity using Guid(68c19d9656780354791b4b573a80293f) Importer(815301076,1909f56bfc062723c751e8b465ee728b)  -> (artifact id: 'a70026cb659936bf332ff6e0174543f6') in 0.011440 seconds
  Import took 0.016128 seconds .

========================================================================
Received Prepare
Registering precompiled user dll's ...
Registered in 0.001085 seconds.
Begin MonoManager ReloadAssembly
Native extension for WindowsStandalone target not found
Refreshing native plugins compatible for Editor in 0.55 ms, found 1 plugins.
Preloading 0 native plugins for Editor in 0.00 ms.
Invoked RoslynAnalysisRunner static constructor.
RoslynAnalysisRunner will not be running.
RoslynAnalysisRunner has terminated.
Mono: successfully reloaded assembly
- Completed reload, in  1.150 seconds
Platform modules already initialized, skipping
Refreshing native plugins compatible for Editor in 0.55 ms, found 1 plugins.
Preloading 0 native plugins for Editor in 0.00 ms.
Unloading 1803 Unused Serialized files (Serialized files now loaded: 0)
System memory in use before: 85.1 MB.
System memory in use after: 85.1 MB.

Unloading 12 unused Assets to reduce memory usage. Loaded Objects now: 2386.
Total: 2.586400 ms (FindLiveObjects: 0.367500 ms CreateObjectMapping: 0.095200 ms MarkObjects: 1.974800 ms  DeleteObjects: 0.147300 ms)

